# JRE version: Java(TM) SE Runtime Environment (8.0_05-b13) (build 1.8.0_05-b13)
# Java VM: Java HotSpot(TM) 64-Bit Server VM (25.5-b02 mixed mode windows-amd64 compressed oops)
Heap:
 PSYoungGen      total 248320K, used 171012K [0x00000000eab00000, 0x00000000fd880000, 0x0000000100000000)
  eden space 198656K, 86% used [0x00000000eab00000,0x00000000f5201370,0x00000000f6d00000)
  from space 49664K, 0% used [0x00000000fa100000,0x00000000fa100000,0x00000000fd180000)
  to   space 53248K, 0% used [0x00000000f6d00000,0x00000000f6d00000,0x00000000fa100000)
 ParOldGen       total 183808K, used 155646K [0x00000000c0000000, 0x00000000cb380000, 0x00000000eab00000)
  object space 183808K, 84% used [0x00000000c0000000,0x00000000c97ffba8,0x00000000cb380000)
 Metaspace       used 128287K, capacity 135901K, committed 136192K, reserved 1165312K
  class space    used 18086K, capacity 20927K, committed 20992K, reserved 1048576K
GC Heap History (10 events):
Event: 5215.180 GC heap before
{Heap before GC invocations=77 (full 21):
 PSYoungGen      total 241664K, used 222186K [0x00000000eab00000, 0x00000000fcd00000, 0x0000000100000000)
  eden space 200192K, 100% used [0x00000000eab00000,0x00000000f6e80000,0x00000000f6e80000)
  from space 41472K, 53% used [0x00000000f9b80000,0x00000000fb0fa968,0x00000000fc400000)
  to   space 46080K, 0% used [0x00000000f6e80000,0x00000000f6e80000,0x00000000f9b80000)
 ParOldGen       total 132096K, used 132029K [0x00000000c0000000, 0x00000000c8100000, 0x00000000eab00000)
  object space 132096K, 99% used [0x00000000c0000000,0x00000000c80ef428,0x00000000c8100000)
 Metaspace       used 117341K, capacity 124085K, committed 124160K, reserved 1155072K
  class space    used 16447K, capacity 18934K, committed 18944K, reserved 1048576K
Event: 5218.440 GC heap after
Heap after GC invocations=77 (full 21):
 PSYoungGen      total 241664K, used 39526K [0x00000000eab00000, 0x00000000fcd00000, 0x0000000100000000)
  eden space 200192K, 19% used [0x00000000eab00000,0x00000000ed1999c0,0x00000000f6e80000)
  from space 41472K, 0% used [0x00000000f9b80000,0x00000000f9b80000,0x00000000fc400000)
  to   space 46080K, 0% used [0x00000000f6e80000,0x00000000f6e80000,0x00000000f9b80000)
 ParOldGen       total 155648K, used 132069K [0x00000000c0000000, 0x00000000c9800000, 0x00000000eab00000)
  object space 155648K, 84% used [0x00000000c0000000,0x00000000c80f9520,0x00000000c9800000)
 Metaspace       used 117341K, capacity 124085K, committed 124160K, reserved 1155072K
  class space    used 16447K, capacity 18934K, committed 18944K, reserved 1048576K
}
Event: 5232.275 GC heap before
{Heap before GC invocations=78 (full 21):
 PSYoungGen      total 241664K, used 200192K [0x00000000eab00000, 0x00000000fcd00000, 0x0000000100000000)
  eden space 200192K, 100% used [0x00000000eab00000,0x00000000f6e80000,0x00000000f6e80000)
  from space 41472K, 0% used [0x00000000f9b80000,0x00000000f9b80000,0x00000000fc400000)
  to   space 46080K, 0% used [0x00000000f6e80000,0x00000000f6e80000,0x00000000f9b80000)
 ParOldGen       total 155648K, used 132069K [0x00000000c0000000, 0x00000000c9800000, 0x00000000eab00000)
  object space 155648K, 84% used [0x00000000c0000000,0x00000000c80f9520,0x00000000c9800000)
 Metaspace       used 118953K, capacity 125831K, committed 126080K, reserved 1157120K
  class space    used 16696K, capacity 19220K, committed 19328K, reserved 1048576K
Event: 5232.435 GC heap after
Heap after GC invocations=78 (full 21):
 PSYoungGen      total 246272K, used 41418K [0x00000000eab00000, 0x00000000fd180000, 0x0000000100000000)
  eden space 200192K, 0% used [0x00000000eab00000,0x00000000eab00000,0x00000000f6e80000)
  from space 46080K, 89% used [0x00000000f6e80000,0x00000000f96f2bd0,0x00000000f9b80000)
  to   space 49664K, 0% used [0x00000000fa100000,0x00000000fa100000,0x00000000fd180000)
 ParOldGen       total 155648K, used 132077K [0x00000000c0000000, 0x00000000c9800000, 0x00000000eab00000)
  object space 155648K, 84% used [0x00000000c0000000,0x00000000c80fb520,0x00000000c9800000)
 Metaspace       used 118953K, capacity 125831K, committed 126080K, reserved 1157120K
  class space    used 16696K, capacity 19220K, committed 19328K, reserved 1048576K
}
Event: 5240.787 GC heap before
{Heap before GC invocations=79 (full 21):
 PSYoungGen      total 246272K, used 160989K [0x00000000eab00000, 0x00000000fd180000, 0x0000000100000000)
  eden space 200192K, 59% used [0x00000000eab00000,0x00000000f1fc48e0,0x00000000f6e80000)
  from space 46080K, 89% used [0x00000000f6e80000,0x00000000f96f2bd0,0x00000000f9b80000)
  to   space 49664K, 0% used [0x00000000fa100000,0x00000000fa100000,0x00000000fd180000)
 ParOldGen       total 155648K, used 132077K [0x00000000c0000000, 0x00000000c9800000, 0x00000000eab00000)
  object space 155648K, 84% used [0x00000000c0000000,0x00000000c80fb520,0x00000000c9800000)
 Metaspace       used 119948K, capacity 126997K, committed 127104K, reserved 1157120K
  class space    used 16862K, capacity 19481K, committed 19584K, reserved 1048576K
Event: 5240.952 GC heap after
Heap after GC invocations=79 (full 21):
 PSYoungGen      total 248320K, used 42997K [0x00000000eab00000, 0x00000000fd880000, 0x0000000100000000)
  eden space 198656K, 0% used [0x00000000eab00000,0x00000000eab00000,0x00000000f6d00000)
  from space 49664K, 86% used [0x00000000fa100000,0x00000000fcafd4f8,0x00000000fd180000)
  to   space 53248K, 0% used [0x00000000f6d00000,0x00000000f6d00000,0x00000000fa100000)
 ParOldGen       total 155648K, used 132085K [0x00000000c0000000, 0x00000000c9800000, 0x00000000eab00000)
  object space 155648K, 84% used [0x00000000c0000000,0x00000000c80fd520,0x00000000c9800000)
 Metaspace       used 119948K, capacity 126997K, committed 127104K, reserved 1157120K
  class space    used 16862K, capacity 19481K, committed 19584K, reserved 1048576K
}
Event: 5240.952 GC heap before
{Heap before GC invocations=80 (full 22):
 PSYoungGen      total 248320K, used 42997K [0x00000000eab00000, 0x00000000fd880000, 0x0000000100000000)
  eden space 198656K, 0% used [0x00000000eab00000,0x00000000eab00000,0x00000000f6d00000)
  from space 49664K, 86% used [0x00000000fa100000,0x00000000fcafd4f8,0x00000000fd180000)
  to   space 53248K, 0% used [0x00000000f6d00000,0x00000000f6d00000,0x00000000fa100000)
 ParOldGen       total 155648K, used 132085K [0x00000000c0000000, 0x00000000c9800000, 0x00000000eab00000)
  object space 155648K, 84% used [0x00000000c0000000,0x00000000c80fd520,0x00000000c9800000)
 Metaspace       used 119948K, capacity 126997K, committed 127104K, reserved 1157120K
  class space    used 16862K, capacity 19481K, committed 19584K, reserved 1048576K
Event: 5243.219 GC heap after
Heap after GC invocations=80 (full 22):
 PSYoungGen      total 248320K, used 16022K [0x00000000eab00000, 0x00000000fd880000, 0x0000000100000000)
  eden space 198656K, 0% used [0x00000000eab00000,0x00000000eab00000,0x00000000f6d00000)
  from space 49664K, 32% used [0x00000000fa100000,0x00000000fb0a59e0,0x00000000fd180000)
  to   space 53248K, 0% used [0x00000000f6d00000,0x00000000f6d00000,0x00000000fa100000)
 ParOldGen       total 155648K, used 155277K [0x00000000c0000000, 0x00000000c9800000, 0x00000000eab00000)
  object space 155648K, 99% used [0x00000000c0000000,0x00000000c97a34c8,0x00000000c9800000)
 Metaspace       used 119915K, capacity 126883K, committed 127104K, reserved 1157120K
  class space    used 16854K, capacity 19447K, committed 19584K, reserved 1048576K
}
Event: 5249.320 GC heap before
{Heap before GC invocations=81 (full 23):
 PSYoungGen      total 248320K, used 214678K [0x00000000eab00000, 0x00000000fd880000, 0x0000000100000000)
  eden space 198656K, 100% used [0x00000000eab00000,0x00000000f6d00000,0x00000000f6d00000)
  from space 49664K, 32% used [0x00000000fa100000,0x00000000fb0a59e0,0x00000000fd180000)
  to   space 53248K, 0% used [0x00000000f6d00000,0x00000000f6d00000,0x00000000fa100000)
 ParOldGen       total 155648K, used 155277K [0x00000000c0000000, 0x00000000c9800000, 0x00000000eab00000)
  object space 155648K, 99% used [0x00000000c0000000,0x00000000c97a34c8,0x00000000c9800000)
 Metaspace       used 126748K, capacity 134293K, committed 134400K, reserved 1163264K
  class space    used 17848K, capacity 20681K, committed 20736K, reserved 1048576K
Event: 5252.126 GC heap after
Heap after GC invocations=81 (full 23):
 PSYoungGen      total 248320K, used 34934K [0x00000000eab00000, 0x00000000fd880000, 0x0000000100000000)
  eden space 198656K, 17% used [0x00000000eab00000,0x00000000ecd1d9a8,0x00000000f6d00000)
  from space 49664K, 0% used [0x00000000fa100000,0x00000000fa100000,0x00000000fd180000)
  to   space 53248K, 0% used [0x00000000f6d00000,0x00000000f6d00000,0x00000000fa100000)
 ParOldGen       total 183808K, used 155646K [0x00000000c0000000, 0x00000000cb380000, 0x00000000eab00000)
  object space 183808K, 84% used [0x00000000c0000000,0x00000000c97ffba8,0x00000000cb380000)
 Metaspace       used 126748K, capacity 134293K, committed 134400K, reserved 1163264K
  class space    used 17848K, capacity 20681K, committed 20736K, reserved 1048576K
}

