# JRE version: Java(TM) SE Runtime Environment (8.0_05-b13) (build 1.8.0_05-b13)
# Java VM: Java HotSpot(TM) 64-Bit Server VM (25.5-b02 mixed mode windows-amd64 compressed oops)
Heap:
 PSYoungGen      total 78848K, used 11600K [0x00000000eab00000, 0x00000000f0100000, 0x0000000100000000)
  eden space 71168K, 8% used [0x00000000eab00000,0x00000000eb0efd80,0x00000000ef080000)
  from space 7680K, 71% used [0x00000000ef880000,0x00000000efde4290,0x00000000f0000000)
  to   space 8192K, 0% used [0x00000000ef080000,0x00000000ef080000,0x00000000ef880000)
 ParOldGen       total 96768K, used 39991K [0x00000000c0000000, 0x00000000c5e80000, 0x00000000eab00000)
  object space 96768K, 41% used [0x00000000c0000000,0x00000000c270de78,0x00000000c5e80000)
 Metaspace       used 7060K, capacity 7864K, committed 7936K, reserved 1056768K
  class space    used 704K, capacity 752K, committed 768K, reserved 1048576K
GC Heap History (10 events):
Event: 4.335 GC heap after
Heap after GC invocations=13 (full 0):
 PSYoungGen      total 23552K, used 3560K [0x00000000eab00000, 0x00000000ed480000, 0x0000000100000000)
  eden space 19968K, 0% used [0x00000000eab00000,0x00000000eab00000,0x00000000ebe80000)
  from space 3584K, 99% used [0x00000000ebe80000,0x00000000ec1fa320,0x00000000ec200000)
  to   space 5120K, 0% used [0x00000000ecf80000,0x00000000ecf80000,0x00000000ed480000)
 ParOldGen       total 96768K, used 10988K [0x00000000c0000000, 0x00000000c5e80000, 0x00000000eab00000)
  object space 96768K, 11% used [0x00000000c0000000,0x00000000c0abb160,0x00000000c5e80000)
 Metaspace       used 5524K, capacity 6896K, committed 7040K, reserved 1056768K
  class space    used 552K, capacity 616K, committed 640K, reserved 1048576K
}
Event: 5.842 GC heap before
{Heap before GC invocations=14 (full 0):
 PSYoungGen      total 23552K, used 23366K [0x00000000eab00000, 0x00000000ed480000, 0x0000000100000000)
  eden space 19968K, 99% used [0x00000000eab00000,0x00000000ebe57620,0x00000000ebe80000)
  from space 3584K, 99% used [0x00000000ebe80000,0x00000000ec1fa320,0x00000000ec200000)
  to   space 5120K, 0% used [0x00000000ecf80000,0x00000000ecf80000,0x00000000ed480000)
 ParOldGen       total 96768K, used 10988K [0x00000000c0000000, 0x00000000c5e80000, 0x00000000eab00000)
  object space 96768K, 11% used [0x00000000c0000000,0x00000000c0abb160,0x00000000c5e80000)
 Metaspace       used 6960K, capacity 7800K, committed 7936K, reserved 1056768K
  class space    used 702K, capacity 752K, committed 768K, reserved 1048576K
Event: 5.882 GC heap after
Heap after GC invocations=14 (full 0):
 PSYoungGen      total 36864K, used 4262K [0x00000000eab00000, 0x00000000ed580000, 0x0000000100000000)
  eden space 31744K, 0% used [0x00000000eab00000,0x00000000eab00000,0x00000000eca00000)
  from space 5120K, 83% used [0x00000000ecf80000,0x00000000ed3a9b10,0x00000000ed480000)
  to   space 5632K, 0% used [0x00000000eca00000,0x00000000eca00000,0x00000000ecf80000)
 ParOldGen       total 96768K, used 13275K [0x00000000c0000000, 0x00000000c5e80000, 0x00000000eab00000)
  object space 96768K, 13% used [0x00000000c0000000,0x00000000c0cf6f60,0x00000000c5e80000)
 Metaspace       used 6960K, capacity 7800K, committed 7936K, reserved 1056768K
  class space    used 702K, capacity 752K, committed 768K, reserved 1048576K
}
Event: 6.474 GC heap before
{Heap before GC invocations=15 (full 0):
 PSYoungGen      total 36864K, used 36006K [0x00000000eab00000, 0x00000000ed580000, 0x0000000100000000)
  eden space 31744K, 100% used [0x00000000eab00000,0x00000000eca00000,0x00000000eca00000)
  from space 5120K, 83% used [0x00000000ecf80000,0x00000000ed3a9b10,0x00000000ed480000)
  to   space 5632K, 0% used [0x00000000eca00000,0x00000000eca00000,0x00000000ecf80000)
 ParOldGen       total 96768K, used 13275K [0x00000000c0000000, 0x00000000c5e80000, 0x00000000eab00000)
  object space 96768K, 13% used [0x00000000c0000000,0x00000000c0cf6f60,0x00000000c5e80000)
 Metaspace       used 7023K, capacity 7864K, committed 7936K, reserved 1056768K
  class space    used 702K, capacity 752K, committed 768K, reserved 1048576K
Event: 6.493 GC heap after
Heap after GC invocations=15 (full 0):
 PSYoungGen      total 37376K, used 5259K [0x00000000eab00000, 0x00000000eea00000, 0x0000000100000000)
  eden space 31744K, 0% used [0x00000000eab00000,0x00000000eab00000,0x00000000eca00000)
  from space 5632K, 93% used [0x00000000eca00000,0x00000000ecf22e20,0x00000000ecf80000)
  to   space 6656K, 0% used [0x00000000ee380000,0x00000000ee380000,0x00000000eea00000)
 ParOldGen       total 96768K, used 25778K [0x00000000c0000000, 0x00000000c5e80000, 0x00000000eab00000)
  object space 96768K, 26% used [0x00000000c0000000,0x00000000c192ca08,0x00000000c5e80000)
 Metaspace       used 7023K, capacity 7864K, committed 7936K, reserved 1056768K
  class space    used 702K, capacity 752K, committed 768K, reserved 1048576K
}
Event: 6.857 GC heap before
{Heap before GC invocations=16 (full 0):
 PSYoungGen      total 37376K, used 36613K [0x00000000eab00000, 0x00000000eea00000, 0x0000000100000000)
  eden space 31744K, 98% used [0x00000000eab00000,0x00000000ec99e6e0,0x00000000eca00000)
  from space 5632K, 93% used [0x00000000eca00000,0x00000000ecf22e20,0x00000000ecf80000)
  to   space 6656K, 0% used [0x00000000ee380000,0x00000000ee380000,0x00000000eea00000)
 ParOldGen       total 96768K, used 25778K [0x00000000c0000000, 0x00000000c5e80000, 0x00000000eab00000)
  object space 96768K, 26% used [0x00000000c0000000,0x00000000c192ca08,0x00000000c5e80000)
 Metaspace       used 7035K, capacity 7864K, committed 7936K, reserved 1056768K
  class space    used 703K, capacity 752K, committed 768K, reserved 1048576K
Event: 6.875 GC heap after
Heap after GC invocations=16 (full 0):
 PSYoungGen      total 57856K, used 4397K [0x00000000eab00000, 0x00000000eea00000, 0x0000000100000000)
  eden space 51200K, 0% used [0x00000000eab00000,0x00000000eab00000,0x00000000edd00000)
  from space 6656K, 66% used [0x00000000ee380000,0x00000000ee7cb698,0x00000000eea00000)
  to   space 6656K, 0% used [0x00000000edd00000,0x00000000edd00000,0x00000000ee380000)
 ParOldGen       total 96768K, used 25802K [0x00000000c0000000, 0x00000000c5e80000, 0x00000000eab00000)
  object space 96768K, 26% used [0x00000000c0000000,0x00000000c1932a08,0x00000000c5e80000)
 Metaspace       used 7035K, capacity 7864K, committed 7936K, reserved 1056768K
  class space    used 703K, capacity 752K, committed 768K, reserved 1048576K
}
Event: 7.379 GC heap before
{Heap before GC invocations=17 (full 0):
 PSYoungGen      total 57856K, used 55597K [0x00000000eab00000, 0x00000000eea00000, 0x0000000100000000)
  eden space 51200K, 100% used [0x00000000eab00000,0x00000000edd00000,0x00000000edd00000)
  from space 6656K, 66% used [0x00000000ee380000,0x00000000ee7cb698,0x00000000eea00000)
  to   space 6656K, 0% used [0x00000000edd00000,0x00000000edd00000,0x00000000ee380000)
 ParOldGen       total 96768K, used 25802K [0x00000000c0000000, 0x00000000c5e80000, 0x00000000eab00000)
  object space 96768K, 26% used [0x00000000c0000000,0x00000000c1932a08,0x00000000c5e80000)
 Metaspace       used 7047K, capacity 7864K, committed 7936K, reserved 1056768K
  class space    used 703K, capacity 752K, committed 768K, reserved 1048576K
Event: 7.415 GC heap after
Heap after GC invocations=17 (full 0):
 PSYoungGen      total 57856K, used 6346K [0x00000000eab00000, 0x00000000f0000000, 0x0000000100000000)
  eden space 51200K, 0% used [0x00000000eab00000,0x00000000eab00000,0x00000000edd00000)
  from space 6656K, 95% used [0x00000000edd00000,0x00000000ee332aa8,0x00000000ee380000)
  to   space 7680K, 0% used [0x00000000ef880000,0x00000000ef880000,0x00000000f0000000)
 ParOldGen       total 96768K, used 36577K [0x00000000c0000000, 0x00000000c5e80000, 0x00000000eab00000)
  object space 96768K, 37% used [0x00000000c0000000,0x00000000c23b8590,0x00000000c5e80000)
 Metaspace       used 7047K, capacity 7864K, committed 7936K, reserved 1056768K
  class space    used 703K, capacity 752K, committed 768K, reserved 1048576K
}
Event: 7.899 GC heap before
{Heap before GC invocations=18 (full 0):
 PSYoungGen      total 57856K, used 57495K [0x00000000eab00000, 0x00000000f0000000, 0x0000000100000000)
  eden space 51200K, 99% used [0x00000000eab00000,0x00000000edcf3418,0x00000000edd00000)
  from space 6656K, 95% used [0x00000000edd00000,0x00000000ee332aa8,0x00000000ee380000)
  to   space 7680K, 0% used [0x00000000ef880000,0x00000000ef880000,0x00000000f0000000)
 ParOldGen       total 96768K, used 36577K [0x00000000c0000000, 0x00000000c5e80000, 0x00000000eab00000)
  object space 96768K, 37% used [0x00000000c0000000,0x00000000c23b8590,0x00000000c5e80000)
 Metaspace       used 7052K, capacity 7864K, committed 7936K, reserved 1056768K
  class space    used 703K, capacity 752K, committed 768K, reserved 1048576K

