# JRE version: Java(TM) SE Runtime Environment (8.0_05-b13) (build 1.8.0_05-b13)
# Java VM: Java HotSpot(TM) 64-Bit Server VM (25.5-b02 mixed mode windows-amd64 compressed oops)
Heap:
 PSYoungGen      total 83968K, used 57869K [0x00000000eab00000, 0x00000000f2900000, 0x0000000100000000)
  eden space 72192K, 64% used [0x00000000eab00000,0x00000000ed87e050,0x00000000ef180000)
  from space 11776K, 95% used [0x00000000ef180000,0x00000000efc85690,0x00000000efd00000)
  to   space 13824K, 0% used [0x00000000f1b80000,0x00000000f1b80000,0x00000000f2900000)
 ParOldGen       total 96768K, used 44163K [0x00000000c0000000, 0x00000000c5e80000, 0x00000000eab00000)
  object space 96768K, 45% used [0x00000000c0000000,0x00000000c2b20fb0,0x00000000c5e80000)
 Metaspace       used 6489K, capacity 7384K, committed 7680K, reserved 1056768K
  class space    used 632K, capacity 656K, committed 768K, reserved 1048576K
GC Heap History (10 events):
Event: 25.786 GC heap before
{Heap before GC invocations=15 (full 0):
 PSYoungGen      total 36864K, used 35613K [0x00000000eab00000, 0x00000000ed300000, 0x0000000100000000)
  eden space 32768K, 100% used [0x00000000eab00000,0x00000000ecb00000,0x00000000ecb00000)
  from space 4096K, 69% used [0x00000000ecf00000,0x00000000ed1c77d0,0x00000000ed300000)
  to   space 4096K, 0% used [0x00000000ecb00000,0x00000000ecb00000,0x00000000ecf00000)
 ParOldGen       total 96768K, used 13565K [0x00000000c0000000, 0x00000000c5e80000, 0x00000000eab00000)
  object space 96768K, 14% used [0x00000000c0000000,0x00000000c0d3f608,0x00000000c5e80000)
 Metaspace       used 5601K, capacity 6896K, committed 7040K, reserved 1056768K
  class space    used 552K, capacity 616K, committed 640K, reserved 1048576K
Event: 28.200 GC heap after
Heap after GC invocations=15 (full 0):
 PSYoungGen      total 36864K, used 4096K [0x00000000eab00000, 0x00000000eeb80000, 0x0000000100000000)
  eden space 32768K, 0% used [0x00000000eab00000,0x00000000eab00000,0x00000000ecb00000)
  from space 4096K, 100% used [0x00000000ecb00000,0x00000000ecf00000,0x00000000ecf00000)
  to   space 6656K, 0% used [0x00000000ee500000,0x00000000ee500000,0x00000000eeb80000)
 ParOldGen       total 96768K, used 18014K [0x00000000c0000000, 0x00000000c5e80000, 0x00000000eab00000)
  object space 96768K, 18% used [0x00000000c0000000,0x00000000c1197ae0,0x00000000c5e80000)
 Metaspace       used 5601K, capacity 6896K, committed 7040K, reserved 1056768K
  class space    used 552K, capacity 616K, committed 640K, reserved 1048576K
}
Event: 30.357 GC heap before
{Heap before GC invocations=16 (full 0):
 PSYoungGen      total 36864K, used 36864K [0x00000000eab00000, 0x00000000eeb80000, 0x0000000100000000)
  eden space 32768K, 100% used [0x00000000eab00000,0x00000000ecb00000,0x00000000ecb00000)
  from space 4096K, 100% used [0x00000000ecb00000,0x00000000ecf00000,0x00000000ecf00000)
  to   space 6656K, 0% used [0x00000000ee500000,0x00000000ee500000,0x00000000eeb80000)
 ParOldGen       total 96768K, used 18014K [0x00000000c0000000, 0x00000000c5e80000, 0x00000000eab00000)
  object space 96768K, 18% used [0x00000000c0000000,0x00000000c1197ae0,0x00000000c5e80000)
 Metaspace       used 5694K, capacity 6896K, committed 7040K, reserved 1056768K
  class space    used 571K, capacity 616K, committed 640K, reserved 1048576K
Event: 33.252 GC heap after
Heap after GC invocations=16 (full 0):
 PSYoungGen      total 58880K, used 5505K [0x00000000eab00000, 0x00000000eec80000, 0x0000000100000000)
  eden space 52224K, 0% used [0x00000000eab00000,0x00000000eab00000,0x00000000ede00000)
  from space 6656K, 82% used [0x00000000ee500000,0x00000000eea60598,0x00000000eeb80000)
  to   space 7168K, 0% used [0x00000000ede00000,0x00000000ede00000,0x00000000ee500000)
 ParOldGen       total 96768K, used 22126K [0x00000000c0000000, 0x00000000c5e80000, 0x00000000eab00000)
  object space 96768K, 22% used [0x00000000c0000000,0x00000000c159b940,0x00000000c5e80000)
 Metaspace       used 5694K, capacity 6896K, committed 7040K, reserved 1056768K
  class space    used 571K, capacity 616K, committed 640K, reserved 1048576K
}
Event: 35.540 GC heap before
{Heap before GC invocations=17 (full 0):
 PSYoungGen      total 58880K, used 57729K [0x00000000eab00000, 0x00000000eec80000, 0x0000000100000000)
  eden space 52224K, 100% used [0x00000000eab00000,0x00000000ede00000,0x00000000ede00000)
  from space 6656K, 82% used [0x00000000ee500000,0x00000000eea60598,0x00000000eeb80000)
  to   space 7168K, 0% used [0x00000000ede00000,0x00000000ede00000,0x00000000ee500000)
 ParOldGen       total 96768K, used 22126K [0x00000000c0000000, 0x00000000c5e80000, 0x00000000eab00000)
  object space 96768K, 22% used [0x00000000c0000000,0x00000000c159b940,0x00000000c5e80000)
 Metaspace       used 5718K, capacity 6960K, committed 7040K, reserved 1056768K
  class space    used 571K, capacity 616K, committed 640K, reserved 1048576K
Event: 41.220 GC heap after
Heap after GC invocations=17 (full 0):
 PSYoungGen      total 59392K, used 7152K [0x00000000eab00000, 0x00000000f0780000, 0x0000000100000000)
  eden space 52224K, 0% used [0x00000000eab00000,0x00000000eab00000,0x00000000ede00000)
  from space 7168K, 99% used [0x00000000ede00000,0x00000000ee4fc098,0x00000000ee500000)
  to   space 10752K, 0% used [0x00000000efd00000,0x00000000efd00000,0x00000000f0780000)
 ParOldGen       total 96768K, used 28961K [0x00000000c0000000, 0x00000000c5e80000, 0x00000000eab00000)
  object space 96768K, 29% used [0x00000000c0000000,0x00000000c1c48428,0x00000000c5e80000)
 Metaspace       used 5718K, capacity 6960K, committed 7040K, reserved 1056768K
  class space    used 571K, capacity 616K, committed 640K, reserved 1048576K
}
Event: 42.659 GC heap before
{Heap before GC invocations=18 (full 0):
 PSYoungGen      total 59392K, used 59376K [0x00000000eab00000, 0x00000000f0780000, 0x0000000100000000)
  eden space 52224K, 100% used [0x00000000eab00000,0x00000000ede00000,0x00000000ede00000)
  from space 7168K, 99% used [0x00000000ede00000,0x00000000ee4fc098,0x00000000ee500000)
  to   space 10752K, 0% used [0x00000000efd00000,0x00000000efd00000,0x00000000f0780000)
 ParOldGen       total 96768K, used 28961K [0x00000000c0000000, 0x00000000c5e80000, 0x00000000eab00000)
  object space 96768K, 29% used [0x00000000c0000000,0x00000000c1c48428,0x00000000c5e80000)
 Metaspace       used 5728K, capacity 6960K, committed 7040K, reserved 1056768K
  class space    used 571K, capacity 616K, committed 640K, reserved 1048576K
Event: 48.257 GC heap after
Heap after GC invocations=18 (full 0):
 PSYoungGen      total 82944K, used 8511K [0x00000000eab00000, 0x00000000f0980000, 0x0000000100000000)
  eden space 72192K, 0% used [0x00000000eab00000,0x00000000eab00000,0x00000000ef180000)
  from space 10752K, 79% used [0x00000000efd00000,0x00000000f054ff10,0x00000000f0780000)
  to   space 11776K, 0% used [0x00000000ef180000,0x00000000ef180000,0x00000000efd00000)
 ParOldGen       total 96768K, used 36103K [0x00000000c0000000, 0x00000000c5e80000, 0x00000000eab00000)
  object space 96768K, 37% used [0x00000000c0000000,0x00000000c2341e78,0x00000000c5e80000)
 Metaspace       used 5728K, capacity 6960K, committed 7040K, reserved 1056768K
  class space    used 571K, capacity 616K, committed 640K, reserved 1048576K
}
Event: 49.612 GC heap before
{Heap before GC invocations=19 (full 0):
 PSYoungGen      total 82944K, used 80703K [0x00000000eab00000, 0x00000000f0980000, 0x0000000100000000)
  eden space 72192K, 100% used [0x00000000eab00000,0x00000000ef180000,0x00000000ef180000)
  from space 10752K, 79% used [0x00000000efd00000,0x00000000f054ff10,0x00000000f0780000)
  to   space 11776K, 0% used [0x00000000ef180000,0x00000000ef180000,0x00000000efd00000)
 ParOldGen       total 96768K, used 36103K [0x00000000c0000000, 0x00000000c5e80000, 0x00000000eab00000)
  object space 96768K, 37% used [0x00000000c0000000,0x00000000c2341e78,0x00000000c5e80000)
 Metaspace       used 5746K, capacity 6960K, committed 7040K, reserved 1056768K
  class space    used 571K, capacity 616K, committed 640K, reserved 1048576K
Event: 51.861 GC heap after
Heap after GC invocations=19 (full 0):
 PSYoungGen      total 83968K, used 11285K [0x00000000eab00000, 0x00000000f2900000, 0x0000000100000000)
  eden space 72192K, 0% used [0x00000000eab00000,0x00000000eab00000,0x00000000ef180000)
  from space 11776K, 95% used [0x00000000ef180000,0x00000000efc85690,0x00000000efd00000)
  to   space 13824K, 0% used [0x00000000f1b80000,0x00000000f1b80000,0x00000000f2900000)
 ParOldGen       total 96768K, used 44163K [0x00000000c0000000, 0x00000000c5e80000, 0x00000000eab00000)
  object space 96768K, 45% used [0x00000000c0000000,0x00000000c2b20fb0,0x00000000c5e80000)
 Metaspace       used 5746K, capacity 6960K, committed 7040K, reserved 1056768K
  class space    used 571K, capacity 616K, committed 640K, reserved 1048576K
}

